<?xml version="1.0" encoding="UTF-8"?>
<!-- Generated by org.testng.reporters.JUnitXMLReporter -->
<testsuite ignored="0" hostname="DESKTOP-3KCRFI5" failures="0" tests="1" name="Test" time="0.043" errors="0" timestamp="05 May 2019 12:17:56 GMT">
  <testcase classname="com.demo.utilities.commonUtils" name="@BeforeSuite loadConfig" time="0.0">
    <failure type="org.testng.TestNGException" message="
Can inject only one of &amp;lt;ITestContext, XmlTest&amp;gt; into a @BeforeSuite annotated loadConfig.
For more information on native dependency injection please refer to http://testng.org/doc/documentation-main.html#native-dependency-injection">
      <![CDATA[org.testng.TestNGException: 
Can inject only one of <ITestContext, XmlTest> into a @BeforeSuite annotated loadConfig.
For more information on native dependency injection please refer to http://testng.org/doc/documentation-main.html#native-dependency-injection
... Removed 17 stack frames]]>
    </failure>
  </testcase> <!-- @BeforeSuite loadConfig -->
  <testcase classname="com.demo.utilities.commonUtils" name="@BeforeTest clearCache" time="0.0">
    <skipped/>
  </testcase> <!-- @BeforeTest clearCache -->
  <testcase classname="com.demo.utilities.commonUtils" name="@AfterTest quitSession" time="0.0">
    <skipped/>
  </testcase> <!-- @AfterTest quitSession -->
  <testcase classname="com.demo.utilities.businessFunctions" name="login" time="0.0">
    <skipped/>
  </testcase> <!-- login -->
</testsuite> <!-- Test -->
